#"Progress (%)"	"Step"	"Potential Energy (kJ/mole)"	"Total Energy (kJ/mole)"	"Temperature (K)"	"Speed (ns/day)"	"Time Remaining"
1.0%	500	-96667.12348162108	-84688.10389405189	213.88730654689599	0	--
2.0%	1000	-89701.40699597768	-73809.99482222232	283.74370057782136	19.6	7:12
3.0%	1500	-86331.68790081989	-68575.80077180511	317.0341984678499	19.6	7:08
4.0%	2000	-84192.77859742346	-65539.4702079127	333.0577982993911	19.9	6:57
5.0%	2500	-83247.13898730696	-64401.67239039069	336.4888137604139	20.7	6:35
6.0%	3000	-82807.79794334994	-63636.46379810336	342.30723084320584	21.3	6:21
7.0%	3500	-82778.53152795594	-63206.85315756794	349.45544087668486	21.5	6:14
8.0%	4000	-83079.23720880969	-63143.87459069107	355.94908116268584	21.5	6:09
9.0%	4500	-82932.55044141324	-63144.43588610488	353.319943500918	21.7	6:01
10.0%	5000	-82174.55679256862	-62196.35936971901	356.7139034374472	21.8	5:56
11.0%	5500	-82391.83643808439	-62443.12992507262	356.1873385356432	21.9	5:50
12.0%	6000	-82249.13657899386	-62429.299914426374	353.8863468244804	22.1	5:43
13.0%	6500	-82953.49126908524	-63242.47451174978	351.94335001356484	22.3	5:36
14.0%	7000	-83119.04967099974	-63082.53089011474	357.7552405930598	22.5	5:30
15.0%	7500	-82852.79948297412	-63139.41873092235	351.9855595165102	22.6	5:24
16.0%	8000	-82945.74239510519	-63178.990644317106	352.9385072167772	22.8	5:18
17.0%	8500	-82402.21398888905	-62877.08023634035	348.6243792968011	22.9	5:13
18.0%	9000	-82842.42381556824	-63254.150072920005	349.75175389695613	23	5:08
19.0%	9500	-82496.43227902592	-62864.205733767485	350.53653820227936	23.1	5:03
20.0%	10000	-83050.71637953153	-63373.39822624018	351.34165606017467	23.1	4:59
21.0%	10500	-83175.93972078185	-63803.395640265946	345.89986634986207	23.2	4:54
22.0%	11000	-82710.64504688377	-62957.80194119888	352.69016613868735	23.1	4:51
23.0%	11500	-81688.66972217806	-61902.62717036948	353.2829475477446	23.1	4:48
24.0%	12000	-82203.27820387436	-62675.876767791604	348.66486914821627	23	4:45
25.0%	12500	-82918.28521059222	-63092.62048879448	353.99040771646486	23	4:41
26.0%	13000	-83185.14732284412	-63508.19645648803	351.3350980933277	23	4:38
27.0%	13500	-82674.50199910776	-62900.07491075153	353.07555159401426	23	4:34
28.0%	14000	-82265.83751588587	-63029.36745128244	343.470243078794	23	4:30
29.0%	14500	-82957.80992965588	-63485.003198913706	347.69007197123045	23	4:26
30.0%	15000	-83036.04423919847	-63762.838073121035	344.1261720335692	23	4:23
31.0%	15500	-83339.00609265282	-63668.20812481905	351.2252371082302	23	4:19
32.0%	16000	-83004.12785763861	-63359.2424281051	350.76256460132583	22.9	4:16
33.0%	16500	-82973.12467009579	-63206.48443344362	352.93651611408325	22.8	4:13
34.0%	17000	-83006.5109094455	-63452.01939229142	349.1485668692296	22.8	4:09
35.0%	17500	-82848.09078628026	-63468.83159100443	346.01976579560977	22.7	4:07
36.0%	18000	-82752.31071995529	-63251.23100405092	348.1948906335739	22.6	4:04
37.0%	18500	-82652.76565623963	-63159.44282248732	348.0563902647769	22.4	4:03
38.0%	19000	-82826.0965124293	-63079.579851817645	352.5772064522254	22.2	4:01
39.0%	19500	-82804.17348766685	-63008.81882323959	353.4492168047326	22	3:59
40.0%	20000	-83059.752554706	-63211.396790820414	354.3955598943567	21.9	3:56
41.0%	20500	-82661.90676422906	-63091.563345515395	349.43160510148573	21.8	3:53
42.0%	21000	-82934.92040602019	-63510.58559857546	346.82459804480015	21.7	3:50
43.0%	21500	-82749.71249120896	-63288.51539428813	347.48278010649244	21.6	3:48
44.0%	22000	-82544.83150189521	-63059.9008990111	347.90654564325354	21.5	3:45
45.0%	22500	-82857.32530781082	-63237.90166612965	350.3079403156074	21.4	3:42
46.0%	23000	-82492.40456685108	-62806.69430736647	351.49149845560686	21.3	3:38
47.0%	23500	-82544.05736681506	-62590.76608551384	356.269200305165	21.2	3:35
48.0%	24000	-82931.87964829532	-63140.698129127144	353.37470463011186	21.2	3:32
49.0%	24500	-82968.2971378278	-63345.01392264025	350.37685361653854	21.1	3:28
50.0%	25000	-82651.57425965031	-63161.45604386438	347.9991712995411	21	3:25
51.0%	25500	-82548.44813022637	-63019.35953245568	348.6949936894195	20.9	3:22
52.0%	26000	-83258.68861994156	-63225.601463284605	357.69396839479236	20.8	3:19
53.0%	26500	-82561.04293803133	-63285.159081032696	344.17398263231763	20.8	3:15
54.0%	27000	-83340.53369649268	-64041.19412036959	344.59278824073795	20.7	3:12
55.0%	27500	-83287.00901709523	-63747.88261810294	348.8742202322302	20.6	3:08
56.0%	28000	-83152.34483717094	-63653.59121919976	348.15335778373947	20.6	3:04
57.0%	28500	-82787.79630809632	-63251.47249308697	348.824179647932	20.5	3:01
58.0%	29000	-82422.2654518738	-62535.33331521657	355.0843471868522	20.4	2:57
59.0%	29500	-82760.67234068897	-63010.03057192163	352.65086091669843	20.3	2:54
60.0%	30000	-82850.63336942242	-63665.7797883457	342.5486225276088	20.2	2:50
61.0%	30500	-82761.09495988351	-63262.67929003395	348.1473236660927	20.2	2:46
62.0%	31000	-82765.10078407728	-63607.68725242281	342.0586760658361	20.1	2:43
63.0%	31500	-83260.15115846347	-63498.759371445645	352.8428042082272	20.1	2:39
64.0%	32000	-83143.477352214	-63734.671332330036	346.5473290645611	20	2:35
65.0%	32500	-82968.57663126611	-63281.01993186804	351.52446693494744	20	2:31
66.0%	33000	-82981.37435314292	-63202.16495391252	353.1609405179133	19.9	2:27
67.0%	33500	-82623.79834162931	-62983.7046183578	350.67700792127783	19.8	2:23
68.0%	34000	-83149.8400637193	-62949.793585803294	360.67505372201333	19.8	2:19
69.0%	34500	-83087.88287408605	-63615.585832922254	347.68097138246384	19.7	2:15
70.0%	35000	-82649.31410240674	-63104.11327735893	348.98268007890937	19.7	2:11
71.0%	35500	-82292.21331047695	-62769.39480180335	348.583040247906	19.6	2:07
72.0%	36000	-82956.72440247633	-63506.96605509997	347.2785394077904	19.6	2:03
73.0%	36500	-83056.4377238404	-63722.526527110575	345.2100700441845	19.5	1:59
74.0%	37000	-82891.53631119998	-63112.6822867662	353.154595244203	19.5	1:55
75.0%	37500	-82430.56513645046	-62717.23308556291	351.98468994945046	19.5	1:50
76.0%	38000	-82267.58025590009	-63136.26215414803	341.59273800018633	19.4	1:46
77.0%	38500	-82755.1202116621	-63073.19279895979	351.4239551225794	19.3	1:42
78.0%	39000	-83071.95276745879	-63396.66778417351	351.3053534852293	19.3	1:38
79.0%	39500	-82713.88870927495	-63155.41521878574	349.2196656386377	19.3	1:34
80.0%	40000	-82718.69239866883	-63095.05946708232	350.38309785865573	19.2	1:29
81.0%	40500	-82626.40021367047	-63042.0919320566	349.68094995731343	19.2	1:25
82.0%	41000	-82975.16213565215	-63613.95933039542	345.6973660700805	19.1	1:21
83.0%	41500	-83128.74882862934	-63859.82607215083	344.0496910715629	19.1	1:17
84.0%	42000	-82634.48414675452	-63086.89837232023	349.02526373083464	19	1:12
85.0%	42500	-82599.86946306773	-63011.46601741304	349.7540697648367	18.9	1:08
86.0%	43000	-82678.00007119519	-62968.943057686534	351.9083584747689	18.9	1:04
87.0%	43500	-83151.3022562516	-63292.5392410839	354.58138302696074	18.8	0:59
88.0%	44000	-82618.81636586023	-63208.24389936439	346.5788692507349	18.8	0:55
89.0%	44500	-82599.9537308854	-62769.06081021395	354.0837580417578	18.7	0:50
90.0%	45000	-82753.89035835447	-63132.20377033329	350.3483455836669	18.7	0:46
91.0%	45500	-82888.7522876306	-63526.6120344011	345.71410435324776	18.6	0:41
92.0%	46000	-82914.01762928878	-63248.32441234644	351.1340909663626	18.6	0:37
93.0%	46500	-82745.80921079208	-63260.12467288441	347.9200072734247	18.6	0:32
94.0%	47000	-83198.23812390995	-63754.13104157768	347.17763516850516	18.5	0:27
95.0%	47500	-82937.08009590967	-63359.7775156633	349.55586204131066	18.5	0:23
96.0%	48000	-83004.06523241865	-63371.5890847876	350.5409948924781	18.5	0:18
97.0%	48500	-82540.68251634702	-63126.35009601752	346.6460038265108	18.5	0:14
98.0%	49000	-82887.3133124102	-63480.774489833115	346.5068478948097	18.4	0:09
99.0%	49500	-82781.75398941324	-63225.38040632779	349.18217145680546	18.4	0:04
100.0%	50000	-82432.88722422953	-62849.701609389	349.6609045629019	18.4	0:00
