#"Progress (%)"	"Step"	"Potential Energy (kJ/mole)"	"Total Energy (kJ/mole)"	"Temperature (K)"	"Speed (ns/day)"	"Time Remaining"
1.0%	500	-108440.5175002215	-96978.78359343928	186.76711776383658	0	--
2.0%	1000	-103448.98248118315	-87843.72791795427	254.2851230406424	29.6	4:45
3.0%	1500	-99970.46105181651	-83400.23064970673	270.0092497395602	29.4	4:44
4.0%	2000	-98698.41205114263	-81148.08120503387	285.97982945581305	29.3	4:42
5.0%	2500	-97539.87736160394	-79561.9617057	292.94725542945145	29.3	4:40
6.0%	3000	-97098.91125776868	-79118.7797311366	292.983362687969	29.2	4:38
7.0%	3500	-96482.06940342435	-78117.32822597219	299.25051533101873	29.1	4:35
8.0%	4000	-96294.57552796675	-77827.6079426205	300.9162782702919	29.1	4:33
9.0%	4500	-95827.90049659502	-77216.93212232724	303.26274805586905	29.1	4:30
10.0%	5000	-96026.15346692804	-77088.9527782248	308.5786513549749	29.1	4:27
11.0%	5500	-96274.28263670119	-77707.7839814479	302.5381211088777	29	4:24
12.0%	6000	-96505.52218447112	-78237.18594242953	297.6796123532251	29.1	4:21
13.0%	6500	-96210.01298442736	-77962.18493851551	297.3454345828425	29.1	4:17
14.0%	7000	-96148.0770850293	-77964.38534732285	296.3003437157053	29.2	4:14
15.0%	7500	-96063.64385320047	-77790.98954300562	297.74997458199886	29.2	4:11
16.0%	8000	-95747.95321883207	-77436.9118508712	298.3754855384304	29.3	4:08
17.0%	8500	-95610.69027878808	-77057.24244566888	302.32546005303254	29.3	4:04
18.0%	9000	-96139.864085736	-77308.74671061356	306.8500407554393	29.3	4:01
19.0%	9500	-95811.55327261722	-77595.6622854799	296.8250253266441	29.4	3:58
20.0%	10000	-96087.09831585993	-77643.4076857019	300.5369840146253	29.4	3:55
21.0%	10500	-96392.8348612303	-78017.82351859186	299.41786602737915	29.4	3:52
22.0%	11000	-95805.96472202415	-77355.68298065974	300.64438511579255	29.4	3:49
23.0%	11500	-96331.76147389167	-77704.37670494491	303.53025057714615	29.3	3:46
24.0%	12000	-95879.845868086	-77486.83941287886	299.7110935037476	29.3	3:43
25.0%	12500	-95745.83573743432	-77399.47557046448	298.95099970997126	29.3	3:40
26.0%	13000	-95597.20540134667	-77447.93017613243	295.7395321584024	29.3	3:38
27.0%	13500	-96131.58152499761	-77870.26839965461	297.56517179177234	29.3	3:35
28.0%	14000	-96090.9748073558	-77753.13935082109	298.812090919147	29.3	3:32
29.0%	14500	-95843.04896952731	-77371.39207685305	300.992689781943	29.3	3:29
30.0%	15000	-95585.18382315041	-77266.31234038546	298.50307600472553	29.3	3:26
31.0%	15500	-96293.75474079108	-78076.45382350934	296.847999912467	29.3	3:23
32.0%	16000	-96307.4871641453	-77772.42289912995	302.02590275595213	29.3	3:20
33.0%	16500	-96116.43653468668	-77564.4097237512	302.3023047242059	29.3	3:17
34.0%	17000	-96218.07786345178	-77630.76704632444	302.8772519523662	29.3	3:14
35.0%	17500	-96012.62725698685	-78236.86108865199	289.65326191522627	29.3	3:11
36.0%	18000	-96300.34156655759	-77843.13861840809	300.75716507153174	29.3	3:08
37.0%	18500	-95733.9875589275	-77222.69288323051	301.63858110605787	29.3	3:05
38.0%	19000	-96034.4200474887	-77620.51115547254	300.0516953628389	29.3	3:02
39.0%	19500	-95949.24554810107	-77771.03203408858	296.2110769382605	29.3	2:59
40.0%	20000	-96214.13567580665	-77931.9855963982	297.9047066200481	29.3	2:56
41.0%	20500	-96195.23596465039	-77739.01515770696	300.7411612379244	29.3	2:53
42.0%	21000	-95741.85535724534	-77445.62822400805	298.1340899569498	29.3	2:50
43.0%	21500	-95984.69559942893	-77593.44302590494	299.6825142827043	29.3	2:48
44.0%	22000	-95632.86908397422	-77589.36886748148	294.01594533715627	29.3	2:45
45.0%	22500	-95933.25820670124	-77451.93412940434	301.1502150066209	29.3	2:42
46.0%	23000	-95596.01516978373	-77137.84921478144	300.7728571139176	29.3	2:39
47.0%	23500	-95752.87160838576	-77361.43275006517	299.6855497636207	29.3	2:36
48.0%	24000	-95961.4748953055	-77706.96788112457	297.4542673007713	29.3	2:33
49.0%	24500	-96155.12750322752	-77403.4034504763	305.5563392867465	29.3	2:30
50.0%	25000	-95778.21367409758	-77266.03509831415	301.6529841163597	29.3	2:27
51.0%	25500	-96376.70465654085	-77950.75430196145	300.2479090661835	29.3	2:24
52.0%	26000	-95993.68795614694	-77453.61888988131	302.1074551905223	29.3	2:21
53.0%	26500	-96217.63991173213	-77793.93438349516	300.2113299805698	29.3	2:18
54.0%	27000	-95766.95235030266	-77625.9600068096	295.6045639277292	29.3	2:15
55.0%	27500	-95904.36918483717	-77387.18540752752	301.7345430733625	29.3	2:12
56.0%	28000	-96440.248491611	-77727.23207081195	304.92560462531003	29.3	2:09
57.0%	28500	-96296.98892385117	-78115.00478326267	296.27251869423674	29.3	2:06
58.0%	29000	-96180.00943831188	-77787.0505320837	299.7103187007533	29.3	2:03
59.0%	29500	-96156.7249465106	-77538.58863318434	303.379548474475	29.3	2:00
60.0%	30000	-95981.74691337274	-77788.59116232925	296.4545582968335	29.3	1:57
61.0%	30500	-96513.88874655536	-78588.18128436219	292.09653127703956	29.3	1:54
62.0%	31000	-95808.09751498234	-77707.79336706616	294.9415562993277	29.3	1:51
63.0%	31500	-95724.70453181	-77017.3047981571	304.83408160809466	29.3	1:49
64.0%	32000	-95728.70308365564	-77005.93811681689	305.0844556212439	29.3	1:46
65.0%	32500	-95807.70778406535	-77050.28925740311	305.64912982683353	29.3	1:43
66.0%	33000	-95265.27113835211	-77033.54966730445	297.08298052581256	29.3	1:40
67.0%	33500	-96031.82440999837	-77167.63134696403	307.38900379101506	29.3	1:37
68.0%	34000	-95920.56708362092	-77319.6146664338	303.09953963986396	29.3	1:34
69.0%	34500	-95543.03520921512	-76894.25167178515	303.8789400813524	29.3	1:31
70.0%	35000	-95655.42803267082	-77299.45061183444	299.1077113209774	29.3	1:28
71.0%	35500	-95581.00002362687	-76943.10057591536	303.7015855830949	29.3	1:25
72.0%	36000	-95237.90021334308	-76865.2550872299	299.37930890818376	29.4	1:22
73.0%	36500	-95762.18789883447	-77122.71589073623	303.7272102026619	29.3	1:19
74.0%	37000	-96050.92061568219	-77455.29764386537	303.0126971813679	29.4	1:16
75.0%	37500	-95757.00555963872	-77519.21815096863	297.1818240075658	29.4	1:13
76.0%	38000	-95674.78752746237	-77430.11582810209	297.29400242145255	29.4	1:10
77.0%	38500	-96149.85555561358	-77798.50599754523	299.0323010385874	29.4	1:07
78.0%	39000	-96340.74811108399	-78192.1829143153	295.7279623586334	29.4	1:04
79.0%	39500	-96162.90649298287	-78028.93115150605	295.49022300404596	29.4	1:01
80.0%	40000	-95858.1267332151	-77542.98719867786	298.4422645062382	29.4	0:58
81.0%	40500	-96391.35003015168	-78050.19579439644	298.86616989485464	29.4	0:55
82.0%	41000	-95643.26590315095	-77477.39440617034	296.0099657480007	29.4	0:52
83.0%	41500	-95743.84145927205	-76846.14905347336	307.9348702145392	29.4	0:50
84.0%	42000	-95765.87167992917	-77616.40654893927	295.7426266425926	29.4	0:47
85.0%	42500	-95700.73381948457	-77520.91773532328	296.23719056209274	29.4	0:44
86.0%	43000	-96302.02278703616	-77347.01715698189	308.8687800218181	29.4	0:41
87.0%	43500	-95705.39218421733	-77225.86188756516	301.1209856383907	29.4	0:38
88.0%	44000	-95657.11411392833	-77061.98058899197	303.00472172286356	29.4	0:35
89.0%	44500	-95511.65717253221	-76803.86256119136	304.8405160767579	29.4	0:32
90.0%	45000	-95815.5023500185	-77162.84607095222	303.9420457858771	29.4	0:29
91.0%	45500	-95757.29809271322	-77396.63654699693	299.18403838546703	29.4	0:26
92.0%	46000	-95873.38085647867	-77399.41450375826	301.03032206340396	29.4	0:23
93.0%	46500	-96095.70530517449	-77633.75315273872	300.83455259452177	29.4	0:20
94.0%	47000	-95704.95255845046	-77438.60130091304	297.6472673487375	29.4	0:17
95.0%	47500	-96577.04086220842	-78088.82270756006	301.2625528925851	29.4	0:14
96.0%	48000	-96202.91165526675	-78518.0405371167	288.17214163446585	29.4	0:11
97.0%	48500	-96101.35977922913	-77884.62119023301	296.8388368631417	29.4	0:08
98.0%	49000	-95631.60327548815	-77213.79009988444	300.1153150384054	29.4	0:05
99.0%	49500	-95983.24547037625	-77548.2875358393	300.39468613851653	29.4	0:02
100.0%	50000	-95641.03014946634	-77371.87061821109	297.6930277190651	29.4	0:00
